# JRE version: OpenJDK Runtime Environment Corretto-11.0.11.9.1 (11.0.11+9) (build 11.0.11+9-LTS)
# Java VM: OpenJDK 64-Bit Server VM Corretto-11.0.11.9.1 (11.0.11+9-LTS, mixed mode, tiered, compressed oops, g1 gc, windows-amd64)
Heap:
 garbage-first heap   total 253952K, used 180398K [0x0000000080000000, 0x0000000100000000)
  region size 1024K, 89 young (91136K), 6 survivors (6144K)
 Metaspace       used 91659K, capacity 94130K, committed 94424K, reserved 1130496K
  class space    used 11606K, capacity 12467K, committed 12544K, reserved 1048576K
GC Heap History (20 events):
Event: 4.749 GC heap before
{Heap before GC invocations=1 (full 0):
 garbage-first heap   total 253952K, used 87988K [0x0000000080000000, 0x0000000100000000)
  region size 1024K, 81 young (82944K), 3 survivors (3072K)
 Metaspace       used 20659K, capacity 21118K, committed 21248K, reserved 1069056K
  class space    used 2427K, capacity 2554K, committed 2560K, reserved 1048576K
}
Event: 4.765 GC heap after
{Heap after GC invocations=2 (full 0):
 garbage-first heap   total 253952K, used 15622K [0x0000000080000000, 0x0000000100000000)
  region size 1024K, 10 young (10240K), 10 survivors (10240K)
 Metaspace       used 20659K, capacity 21118K, committed 21248K, reserved 1069056K
  class space    used 2427K, capacity 2554K, committed 2560K, reserved 1048576K
}
Event: 5.259 GC heap before
{Heap before GC invocations=3 (full 0):
 garbage-first heap   total 253952K, used 37126K [0x0000000080000000, 0x0000000100000000)
  region size 1024K, 31 young (31744K), 10 survivors (10240K)
 Metaspace       used 22871K, capacity 23463K, committed 23552K, reserved 1069056K
  class space    used 2836K, capacity 3018K, committed 3072K, reserved 1048576K
}
Event: 5.270 GC heap after
{Heap after GC invocations=4 (full 0):
 garbage-first heap   total 253952K, used 17102K [0x0000000080000000, 0x0000000100000000)
  region size 1024K, 2 young (2048K), 2 survivors (2048K)
 Metaspace       used 22871K, capacity 23463K, committed 23552K, reserved 1069056K
  class space    used 2836K, capacity 3018K, committed 3072K, reserved 1048576K
}
Event: 7.830 GC heap before
{Heap before GC invocations=4 (full 0):
 garbage-first heap   total 253952K, used 107214K [0x0000000080000000, 0x0000000100000000)
  region size 1024K, 82 young (83968K), 2 survivors (2048K)
 Metaspace       used 34577K, capacity 35420K, committed 35584K, reserved 1079296K
  class space    used 4427K, capacity 4748K, committed 4864K, reserved 1048576K
}
Event: 7.846 GC heap after
{Heap after GC invocations=5 (full 0):
 garbage-first heap   total 253952K, used 33443K [0x0000000080000000, 0x0000000100000000)
  region size 1024K, 8 young (8192K), 8 survivors (8192K)
 Metaspace       used 34577K, capacity 35420K, committed 35584K, reserved 1079296K
  class space    used 4427K, capacity 4748K, committed 4864K, reserved 1048576K
}
Event: 11.708 GC heap before
{Heap before GC invocations=6 (full 0):
 garbage-first heap   total 253952K, used 147107K [0x0000000080000000, 0x0000000100000000)
  region size 1024K, 116 young (118784K), 8 survivors (8192K)
 Metaspace       used 46426K, capacity 47507K, committed 47616K, reserved 1091584K
  class space    used 5765K, capacity 6138K, committed 6144K, reserved 1048576K
}
Event: 11.725 GC heap after
{Heap after GC invocations=7 (full 0):
 garbage-first heap   total 253952K, used 41382K [0x0000000080000000, 0x0000000100000000)
  region size 1024K, 15 young (15360K), 15 survivors (15360K)
 Metaspace       used 46426K, capacity 47507K, committed 47616K, reserved 1091584K
  class space    used 5765K, capacity 6138K, committed 6144K, reserved 1048576K
}
Event: 20.829 GC heap before
{Heap before GC invocations=7 (full 0):
 garbage-first heap   total 253952K, used 176550K [0x0000000080000000, 0x0000000100000000)
  region size 1024K, 140 young (143360K), 15 survivors (15360K)
 Metaspace       used 57353K, capacity 58871K, committed 59136K, reserved 1101824K
  class space    used 7142K, capacity 7620K, committed 7680K, reserved 1048576K
}
Event: 20.849 GC heap after
{Heap after GC invocations=8 (full 0):
 garbage-first heap   total 253952K, used 59215K [0x0000000080000000, 0x0000000100000000)
  region size 1024K, 18 young (18432K), 18 survivors (18432K)
 Metaspace       used 57353K, capacity 58871K, committed 59136K, reserved 1101824K
  class space    used 7142K, capacity 7620K, committed 7680K, reserved 1048576K
}
Event: 21.007 GC heap before
{Heap before GC invocations=8 (full 0):
 garbage-first heap   total 253952K, used 66383K [0x0000000080000000, 0x0000000100000000)
  region size 1024K, 26 young (26624K), 18 survivors (18432K)
 Metaspace       used 58062K, capacity 59564K, committed 59736K, reserved 1101824K
  class space    used 7261K, capacity 7723K, committed 7808K, reserved 1048576K
}
Event: 21.032 GC heap after
{Heap after GC invocations=9 (full 0):
 garbage-first heap   total 253952K, used 62155K [0x0000000080000000, 0x0000000100000000)
  region size 1024K, 3 young (3072K), 3 survivors (3072K)
 Metaspace       used 58062K, capacity 59564K, committed 59736K, reserved 1101824K
  class space    used 7261K, capacity 7723K, committed 7808K, reserved 1048576K
}
Event: 23.005 GC heap before
{Heap before GC invocations=10 (full 0):
 garbage-first heap   total 253952K, used 139979K [0x0000000080000000, 0x0000000100000000)
  region size 1024K, 79 young (80896K), 3 survivors (3072K)
 Metaspace       used 67276K, capacity 68975K, committed 69080K, reserved 1110016K
  class space    used 8351K, capacity 8891K, committed 8960K, reserved 1048576K
}
Event: 23.014 GC heap after
{Heap after GC invocations=11 (full 0):
 garbage-first heap   total 253952K, used 66058K [0x0000000080000000, 0x0000000100000000)
  region size 1024K, 7 young (7168K), 7 survivors (7168K)
 Metaspace       used 67276K, capacity 68975K, committed 69080K, reserved 1110016K
  class space    used 8351K, capacity 8891K, committed 8960K, reserved 1048576K
}
Event: 25.181 GC heap before
{Heap before GC invocations=11 (full 0):
 garbage-first heap   total 253952K, used 149002K [0x0000000080000000, 0x0000000100000000)
  region size 1024K, 89 young (91136K), 7 survivors (7168K)
 Metaspace       used 74700K, capacity 76656K, committed 76888K, reserved 1116160K
  class space    used 9454K, capacity 10063K, committed 10112K, reserved 1048576K
}
Event: 25.196 GC heap after
{Heap after GC invocations=12 (full 0):
 garbage-first heap   total 253952K, used 72528K [0x0000000080000000, 0x0000000100000000)
  region size 1024K, 12 young (12288K), 12 survivors (12288K)
 Metaspace       used 74700K, capacity 76656K, committed 76888K, reserved 1116160K
  class space    used 9454K, capacity 10063K, committed 10112K, reserved 1048576K
}
Event: 27.129 GC heap before
{Heap before GC invocations=12 (full 0):
 garbage-first heap   total 253952K, used 171856K [0x0000000080000000, 0x0000000100000000)
  region size 1024K, 99 young (101376K), 12 survivors (12288K)
 Metaspace       used 82433K, capacity 84496K, committed 84824K, reserved 1122304K
  class space    used 10394K, capacity 11059K, committed 11136K, reserved 1048576K
}
Event: 27.157 GC heap after
{Heap after GC invocations=13 (full 0):
 garbage-first heap   total 253952K, used 91892K [0x0000000080000000, 0x0000000100000000)
  region size 1024K, 9 young (9216K), 9 survivors (9216K)
 Metaspace       used 82433K, capacity 84496K, committed 84824K, reserved 1122304K
  class space    used 10394K, capacity 11059K, committed 11136K, reserved 1048576K
}
Event: 30.240 GC heap before
{Heap before GC invocations=13 (full 0):
 garbage-first heap   total 253952K, used 175860K [0x0000000080000000, 0x0000000100000000)
  region size 1024K, 92 young (94208K), 9 survivors (9216K)
 Metaspace       used 89500K, capacity 91913K, committed 92120K, reserved 1128448K
  class space    used 11399K, capacity 12243K, committed 12288K, reserved 1048576K
}
Event: 30.253 GC heap after
{Heap after GC invocations=14 (full 0):
 garbage-first heap   total 253952K, used 97454K [0x0000000080000000, 0x0000000100000000)
  region size 1024K, 6 young (6144K), 6 survivors (6144K)
 Metaspace       used 89500K, capacity 91913K, committed 92120K, reserved 1128448K
  class space    used 11399K, capacity 12243K, committed 12288K, reserved 1048576K
}

