# JRE version: Java(TM) SE Runtime Environment (16.0.1+9) (build 16.0.1+9-24)
# Java VM: Java HotSpot(TM) 64-Bit Server VM (16.0.1+9-24, mixed mode, sharing, tiered, compressed oops, compressed class ptrs, g1 gc, windows-amd64)
GC Precious Log:
 CPUs: 12 total, 12 available
 Memory: 15789M
 Large Page Support: Disabled
 NUMA Support: Disabled
 Compressed Oops: Enabled (32-bit)
 Heap Region Size: 1M
 Heap Min Capacity: 8M
 Heap Initial Capacity: 248M
 Heap Max Capacity: 2G
 Pre-touch: Disabled
 Parallel Workers: 10
 Concurrent Workers: 3
 Concurrent Refinement Workers: 10
 Periodic GC: Disabled
Heap:
 garbage-first heap   total 254976K, used 156957K [0x0000000080000000, 0x0000000100000000)
  region size 1024K, 5 young (5120K), 5 survivors (5120K)
 Metaspace       used 80948K, committed 81536K, reserved 1122304K
  class space    used 10922K, committed 11200K, reserved 1048576K
GC Heap History (20 events):
Event: 22.016 GC heap after
{Heap after GC invocations=43 (full 0):
 garbage-first heap   total 167936K, used 87801K [0x0000000080000000, 0x0000000100000000)
  region size 1024K, 4 young (4096K), 4 survivors (4096K)
 Metaspace       used 73174K, committed 73792K, reserved 1114112K
  class space    used 9669K, committed 9984K, reserved 1048576K
}
Event: 22.542 GC heap before
{Heap before GC invocations=44 (full 0):
 garbage-first heap   total 167936K, used 127737K [0x0000000080000000, 0x0000000100000000)
  region size 1024K, 44 young (45056K), 4 survivors (4096K)
 Metaspace       used 74240K, committed 74816K, reserved 1114112K
  class space    used 9812K, committed 10112K, reserved 1048576K
}
Event: 22.547 GC heap after
{Heap after GC invocations=45 (full 0):
 garbage-first heap   total 167936K, used 90085K [0x0000000080000000, 0x0000000100000000)
  region size 1024K, 4 young (4096K), 4 survivors (4096K)
 Metaspace       used 74240K, committed 74816K, reserved 1114112K
  class space    used 9812K, committed 10112K, reserved 1048576K
}
Event: 22.582 GC heap before
{Heap before GC invocations=45 (full 0):
 garbage-first heap   total 167936K, used 94181K [0x0000000080000000, 0x0000000100000000)
  region size 1024K, 8 young (8192K), 4 survivors (4096K)
 Metaspace       used 74291K, committed 74880K, reserved 1114112K
  class space    used 9815K, committed 10112K, reserved 1048576K
}
Event: 22.589 GC heap after
{Heap after GC invocations=46 (full 0):
 garbage-first heap   total 201728K, used 76953K [0x0000000080000000, 0x0000000100000000)
  region size 1024K, 1 young (1024K), 1 survivors (1024K)
 Metaspace       used 74291K, committed 74880K, reserved 1114112K
  class space    used 9815K, committed 10112K, reserved 1048576K
}
Event: 23.234 GC heap before
{Heap before GC invocations=46 (full 0):
 garbage-first heap   total 201728K, used 153753K [0x0000000080000000, 0x0000000100000000)
  region size 1024K, 65 young (66560K), 1 survivors (1024K)
 Metaspace       used 76527K, committed 77184K, reserved 1122304K
  class space    used 10146K, committed 10432K, reserved 1048576K
}
Event: 23.238 GC heap after
{Heap after GC invocations=47 (full 0):
 garbage-first heap   total 201728K, used 92411K [0x0000000080000000, 0x0000000100000000)
  region size 1024K, 5 young (5120K), 5 survivors (5120K)
 Metaspace       used 76527K, committed 77184K, reserved 1122304K
  class space    used 10146K, committed 10432K, reserved 1048576K
}
Event: 23.239 GC heap before
{Heap before GC invocations=47 (full 0):
 garbage-first heap   total 201728K, used 94459K [0x0000000080000000, 0x0000000100000000)
  region size 1024K, 6 young (6144K), 5 survivors (5120K)
 Metaspace       used 76528K, committed 77184K, reserved 1122304K
  class space    used 10146K, committed 10432K, reserved 1048576K
}
Event: 23.242 GC heap after
{Heap after GC invocations=48 (full 0):
 garbage-first heap   total 201728K, used 92384K [0x0000000080000000, 0x0000000100000000)
  region size 1024K, 5 young (5120K), 5 survivors (5120K)
 Metaspace       used 76528K, committed 77184K, reserved 1122304K
  class space    used 10146K, committed 10432K, reserved 1048576K
}
Event: 23.244 GC heap before
{Heap before GC invocations=48 (full 0):
 garbage-first heap   total 201728K, used 95456K [0x0000000080000000, 0x0000000100000000)
  region size 1024K, 6 young (6144K), 5 survivors (5120K)
 Metaspace       used 76530K, committed 77184K, reserved 1122304K
  class space    used 10146K, committed 10432K, reserved 1048576K
}
Event: 23.247 GC heap after
{Heap after GC invocations=49 (full 0):
 garbage-first heap   total 201728K, used 94582K [0x0000000080000000, 0x0000000100000000)
  region size 1024K, 5 young (5120K), 5 survivors (5120K)
 Metaspace       used 76530K, committed 77184K, reserved 1122304K
  class space    used 10146K, committed 10432K, reserved 1048576K
}
Event: 23.498 GC heap before
{Heap before GC invocations=50 (full 0):
 garbage-first heap   total 201728K, used 135542K [0x0000000080000000, 0x0000000100000000)
  region size 1024K, 44 young (45056K), 5 survivors (5120K)
 Metaspace       used 76816K, committed 77440K, reserved 1122304K
  class space    used 10181K, committed 10496K, reserved 1048576K
}
Event: 23.508 GC heap after
{Heap after GC invocations=51 (full 0):
 garbage-first heap   total 201728K, used 110201K [0x0000000080000000, 0x0000000100000000)
  region size 1024K, 9 young (9216K), 9 survivors (9216K)
 Metaspace       used 76816K, committed 77440K, reserved 1122304K
  class space    used 10181K, committed 10496K, reserved 1048576K
}
Event: 23.732 GC heap before
{Heap before GC invocations=52 (full 0):
 garbage-first heap   total 201728K, used 155257K [0x0000000080000000, 0x0000000100000000)
  region size 1024K, 53 young (54272K), 9 survivors (9216K)
 Metaspace       used 78777K, committed 79424K, reserved 1122304K
  class space    used 10588K, committed 10880K, reserved 1048576K
}
Event: 23.749 GC heap after
{Heap after GC invocations=53 (full 0):
 garbage-first heap   total 201728K, used 131843K [0x0000000080000000, 0x0000000100000000)
  region size 1024K, 7 young (7168K), 7 survivors (7168K)
 Metaspace       used 78777K, committed 79424K, reserved 1122304K
  class space    used 10588K, committed 10880K, reserved 1048576K
}
Event: 23.806 GC heap before
{Heap before GC invocations=53 (full 0):
 garbage-first heap   total 201728K, used 155395K [0x0000000080000000, 0x0000000100000000)
  region size 1024K, 31 young (31744K), 7 survivors (7168K)
 Metaspace       used 78796K, committed 79424K, reserved 1122304K
  class space    used 10588K, committed 10880K, reserved 1048576K
}
Event: 23.819 GC heap after
{Heap after GC invocations=54 (full 0):
 garbage-first heap   total 201728K, used 146898K [0x0000000080000000, 0x0000000100000000)
  region size 1024K, 4 young (4096K), 4 survivors (4096K)
 Metaspace       used 78796K, committed 79424K, reserved 1122304K
  class space    used 10588K, committed 10880K, reserved 1048576K
}
Event: 24.018 GC heap before
{Heap before GC invocations=55 (full 0):
 garbage-first heap   total 254976K, used 162258K [0x0000000080000000, 0x0000000100000000)
  region size 1024K, 19 young (19456K), 4 survivors (4096K)
 Metaspace       used 80594K, committed 81216K, reserved 1122304K
  class space    used 10888K, committed 11200K, reserved 1048576K
}
Event: 24.024 GC heap after
{Heap after GC invocations=56 (full 0):
 garbage-first heap   total 254976K, used 151733K [0x0000000080000000, 0x0000000100000000)
  region size 1024K, 3 young (3072K), 3 survivors (3072K)
 Metaspace       used 80594K, committed 81216K, reserved 1122304K
  class space    used 10888K, committed 11200K, reserved 1048576K
}
Event: 24.272 GC heap before
{Heap before GC invocations=56 (full 0):
 garbage-first heap   total 254976K, used 178357K [0x0000000080000000, 0x0000000100000000)
  region size 1024K, 31 young (31744K), 3 survivors (3072K)
 Metaspace       used 80948K, committed 81536K, reserved 1122304K
  class space    used 10922K, committed 11200K, reserved 1048576K
}

