# JRE version: OpenJDK Runtime Environment Corretto-11.0.11.9.1 (11.0.11+9) (build 11.0.11+9-LTS)
# Java VM: OpenJDK 64-Bit Server VM Corretto-11.0.11.9.1 (11.0.11+9-LTS, mixed mode, tiered, compressed oops, g1 gc, windows-amd64)
Heap:
 garbage-first heap   total 604160K, used 190607K [0x0000000080000000, 0x0000000100000000)
  region size 1024K, 7 young (7168K), 7 survivors (7168K)
 Metaspace       used 119637K, capacity 122706K, committed 124152K, reserved 1157120K
  class space    used 15032K, capacity 16123K, committed 16716K, reserved 1048576K
GC Heap History (20 events):
Event: 69.123 GC heap after
{Heap after GC invocations=34 (full 0):
 garbage-first heap   total 253952K, used 125067K [0x0000000080000000, 0x0000000100000000)
  region size 1024K, 2 young (2048K), 2 survivors (2048K)
 Metaspace       used 119183K, capacity 122234K, committed 123896K, reserved 1157120K
  class space    used 14969K, capacity 16055K, committed 16716K, reserved 1048576K
}
Event: 69.140 GC heap before
{Heap before GC invocations=34 (full 0):
 garbage-first heap   total 253952K, used 134283K [0x0000000080000000, 0x0000000100000000)
  region size 1024K, 12 young (12288K), 2 survivors (2048K)
 Metaspace       used 119186K, capacity 122234K, committed 123896K, reserved 1157120K
  class space    used 14969K, capacity 16055K, committed 16716K, reserved 1048576K
}
Event: 69.146 GC heap after
{Heap after GC invocations=35 (full 0):
 garbage-first heap   total 253952K, used 126717K [0x0000000080000000, 0x0000000100000000)
  region size 1024K, 2 young (2048K), 2 survivors (2048K)
 Metaspace       used 119186K, capacity 122234K, committed 123896K, reserved 1157120K
  class space    used 14969K, capacity 16055K, committed 16716K, reserved 1048576K
}
Event: 69.155 GC heap before
{Heap before GC invocations=35 (full 0):
 garbage-first heap   total 253952K, used 131837K [0x0000000080000000, 0x0000000100000000)
  region size 1024K, 9 young (9216K), 2 survivors (2048K)
 Metaspace       used 119191K, capacity 122237K, committed 123896K, reserved 1157120K
  class space    used 14969K, capacity 16055K, committed 16716K, reserved 1048576K
}
Event: 69.160 GC heap after
{Heap after GC invocations=36 (full 0):
 garbage-first heap   total 253952K, used 128740K [0x0000000080000000, 0x0000000100000000)
  region size 1024K, 4 young (4096K), 4 survivors (4096K)
 Metaspace       used 119191K, capacity 122237K, committed 123896K, reserved 1157120K
  class space    used 14969K, capacity 16055K, committed 16716K, reserved 1048576K
}
Event: 69.390 GC heap before
{Heap before GC invocations=37 (full 0):
 garbage-first heap   total 253952K, used 189156K [0x0000000080000000, 0x0000000100000000)
  region size 1024K, 62 young (63488K), 4 survivors (4096K)
 Metaspace       used 119322K, capacity 122364K, committed 123896K, reserved 1157120K
  class space    used 14975K, capacity 16052K, committed 16716K, reserved 1048576K
}
Event: 69.404 GC heap after
{Heap after GC invocations=38 (full 0):
 garbage-first heap   total 253952K, used 144931K [0x0000000080000000, 0x0000000100000000)
  region size 1024K, 8 young (8192K), 8 survivors (8192K)
 Metaspace       used 119322K, capacity 122364K, committed 123896K, reserved 1157120K
  class space    used 14975K, capacity 16052K, committed 16716K, reserved 1048576K
}
Event: 69.418 GC heap before
{Heap before GC invocations=38 (full 0):
 garbage-first heap   total 253952K, used 148003K [0x0000000080000000, 0x0000000100000000)
  region size 1024K, 13 young (13312K), 8 survivors (8192K)
 Metaspace       used 119342K, capacity 122428K, committed 123896K, reserved 1157120K
  class space    used 14975K, capacity 16052K, committed 16716K, reserved 1048576K
}
Event: 69.431 GC heap after
{Heap after GC invocations=39 (full 0):
 garbage-first heap   total 253952K, used 141496K [0x0000000080000000, 0x0000000100000000)
  region size 1024K, 2 young (2048K), 2 survivors (2048K)
 Metaspace       used 119342K, capacity 122428K, committed 123896K, reserved 1157120K
  class space    used 14975K, capacity 16052K, committed 16716K, reserved 1048576K
}
Event: 69.538 GC heap before
{Heap before GC invocations=39 (full 0):
 garbage-first heap   total 253952K, used 190648K [0x0000000080000000, 0x0000000100000000)
  region size 1024K, 51 young (52224K), 2 survivors (2048K)
 Metaspace       used 119453K, capacity 122527K, committed 124152K, reserved 1157120K
  class space    used 14992K, capacity 16085K, committed 16716K, reserved 1048576K
}
Event: 69.550 GC heap after
{Heap after GC invocations=40 (full 0):
 garbage-first heap   total 253952K, used 152905K [0x0000000080000000, 0x0000000100000000)
  region size 1024K, 7 young (7168K), 7 survivors (7168K)
 Metaspace       used 119453K, capacity 122527K, committed 124152K, reserved 1157120K
  class space    used 14992K, capacity 16085K, committed 16716K, reserved 1048576K
}
Event: 69.689 GC heap before
{Heap before GC invocations=40 (full 0):
 garbage-first heap   total 253952K, used 196937K [0x0000000080000000, 0x0000000100000000)
  region size 1024K, 51 young (52224K), 7 survivors (7168K)
 Metaspace       used 119495K, capacity 122530K, committed 124152K, reserved 1157120K
  class space    used 15003K, capacity 16086K, committed 16716K, reserved 1048576K
}
Event: 69.708 GC heap after
{Heap after GC invocations=41 (full 0):
 garbage-first heap   total 305152K, used 161313K [0x0000000080000000, 0x0000000100000000)
  region size 1024K, 7 young (7168K), 7 survivors (7168K)
 Metaspace       used 119495K, capacity 122530K, committed 124152K, reserved 1157120K
  class space    used 15003K, capacity 16086K, committed 16716K, reserved 1048576K
}
Event: 69.873 GC heap before
{Heap before GC invocations=42 (full 0):
 garbage-first heap   total 305152K, used 227873K [0x0000000080000000, 0x0000000100000000)
  region size 1024K, 72 young (73728K), 7 survivors (7168K)
 Metaspace       used 119538K, capacity 122626K, committed 124152K, reserved 1157120K
  class space    used 15013K, capacity 16118K, committed 16716K, reserved 1048576K
}
Event: 69.895 GC heap after
{Heap after GC invocations=43 (full 0):
 garbage-first heap   total 305152K, used 174219K [0x0000000080000000, 0x0000000100000000)
  region size 1024K, 9 young (9216K), 9 survivors (9216K)
 Metaspace       used 119538K, capacity 122626K, committed 124152K, reserved 1157120K
  class space    used 15013K, capacity 16118K, committed 16716K, reserved 1048576K
}
Event: 69.903 GC heap before
{Heap before GC invocations=43 (full 0):
 garbage-first heap   total 305152K, used 179339K [0x0000000080000000, 0x0000000100000000)
  region size 1024K, 14 young (14336K), 9 survivors (9216K)
 Metaspace       used 119539K, capacity 122626K, committed 124152K, reserved 1157120K
  class space    used 15013K, capacity 16118K, committed 16716K, reserved 1048576K
}
Event: 69.920 GC heap after
{Heap after GC invocations=44 (full 0):
 garbage-first heap   total 305152K, used 174268K [0x0000000080000000, 0x0000000100000000)
  region size 1024K, 2 young (2048K), 2 survivors (2048K)
 Metaspace       used 119539K, capacity 122626K, committed 124152K, reserved 1157120K
  class space    used 15013K, capacity 16118K, committed 16716K, reserved 1048576K
}
Event: 70.031 GC heap before
{Heap before GC invocations=44 (full 0):
 garbage-first heap   total 305152K, used 234684K [0x0000000080000000, 0x0000000100000000)
  region size 1024K, 62 young (63488K), 2 survivors (2048K)
 Metaspace       used 119545K, capacity 122633K, committed 124152K, reserved 1157120K
  class space    used 15015K, capacity 16120K, committed 16716K, reserved 1048576K
}
Event: 70.047 GC heap after
{Heap after GC invocations=45 (full 0):
 garbage-first heap   total 305152K, used 184259K [0x0000000080000000, 0x0000000100000000)
  region size 1024K, 8 young (8192K), 8 survivors (8192K)
 Metaspace       used 119545K, capacity 122633K, committed 124152K, reserved 1157120K
  class space    used 15015K, capacity 16120K, committed 16716K, reserved 1048576K
}
Event: 70.274 GC heap before
{Heap before GC invocations=45 (full 0):
 garbage-first heap   total 305152K, used 241603K [0x0000000080000000, 0x0000000100000000)
  region size 1024K, 64 young (65536K), 8 survivors (8192K)
 Metaspace       used 119637K, capacity 122706K, committed 124152K, reserved 1157120K
  class space    used 15032K, capacity 16123K, committed 16716K, reserved 1048576K
}

